<?xml version="1.0" encoding="UTF-8"?>
<!-- Generated by org.testng.reporters.JUnitReportReporter -->
<testsuite hostname="DESKTOP-OQCH81E" failures="0" tests="1" name="create_sales_order_NFCRMTest" time="26.786" errors="0" timestamp="2024-11-24T20:26:43 IST" skipped="0">
  <testcase classname="create_sales_order_NFCRMTest" name="createsales" time="26.786"/>
  <system-out>
    <![CDATA[====>createsales<=======START=====
====>createsales<=======END=====]]>
  </system-out>
</testsuite> <!-- create_sales_order_NFCRMTest -->
