<?xml version="1.0" encoding="UTF-8"?>
<!-- Generated by org.testng.reporters.JUnitReportReporter -->
<testsuite hostname="DESKTOP-OQCH81E" failures="0" tests="1" name="createprodorgPurchase_NFCRMTest" time="37.900" errors="0" timestamp="2024-11-24T20:22:28 IST" skipped="0">
  <testcase classname="createprodorgPurchase_NFCRMTest" name="practice_createprodorgPurchaseTest" time="37.900"/>
  <system-out>
    <![CDATA[====>practice_createprodorgPurchaseTest<=======START=====
Electronics
====>practice_createprodorgPurchaseTest<=======END=====]]>
  </system-out>
</testsuite> <!-- createprodorgPurchase_NFCRMTest -->
