<?xml version="1.0" encoding="UTF-8"?>
<!-- Generated by org.testng.reporters.JUnitReportReporter -->
<testsuite hostname="DESKTOP-OQCH81E" failures="0" tests="1" name="NFCRM_PACKAGE.createprodorgPurchase_NFCRMTest" time="33.046" errors="0" timestamp="2024-11-25T09:11:53 IST" skipped="0">
  <testcase classname="NFCRM_PACKAGE.createprodorgPurchase_NFCRMTest" name="practice_createprodorgPurchaseTest" time="33.046"/>
  <system-out>
    <![CDATA[====>practice_createprodorgPurchaseTest<=======START=====
Electronics
====>practice_createprodorgPurchaseTest<=======END=====]]>
  </system-out>
</testsuite> <!-- NFCRM_PACKAGE.createprodorgPurchase_NFCRMTest -->
