<?xml version="1.0" encoding="UTF-8"?>
<!-- Generated by org.testng.reporters.JUnitReportReporter -->
<testsuite hostname="DESKTOP-OQCH81E" failures="0" tests="1" name="NFCRM_PACKAGE.create_purchase_order_NFCRMTest" time="15.334" errors="0" timestamp="2024-11-25T09:11:53 IST" skipped="0">
  <testcase classname="NFCRM_PACKAGE.create_purchase_order_NFCRMTest" name="createpurchase" time="15.334"/>
  <system-out>
    <![CDATA[====>createpurchase<=======START=====
====>createpurchase<=======END=====]]>
  </system-out>
</testsuite> <!-- NFCRM_PACKAGE.create_purchase_order_NFCRMTest -->
