<?xml version="1.0" encoding="UTF-8"?>
<!-- Generated by org.testng.reporters.JUnitReportReporter -->
<testsuite hostname="DESKTOP-OQCH81E" failures="0" tests="2" name="NFCRM_PACKAGE.CreateContacts_NFCRMTest" time="21.120" errors="0" timestamp="2024-11-25T09:11:53 IST" skipped="0">
  <testcase classname="NFCRM_PACKAGE.CreateContacts_NFCRMTest" name="createContact1Test" time="12.639"/>
  <system-out>
    <![CDATA[====>createContact1Test<=======START=====
====>createContact1Test<=======END=====]]>
  </system-out>
  <testcase classname="NFCRM_PACKAGE.CreateContacts_NFCRMTest" name="createContact2Test" time="8.481"/>
  <system-out>
    <![CDATA[====>createContact2Test<=======START=====
====>createContact2Test<=======END=====]]>
  </system-out>
</testsuite> <!-- NFCRM_PACKAGE.CreateContacts_NFCRMTest -->
