<?xml version="1.0" encoding="UTF-8"?>
<!-- Generated by org.testng.reporters.JUnitReportReporter -->
<testsuite hostname="DESKTOP-OQCH81E" failures="0" tests="1" name="create_productTest" time="13.505" errors="0" timestamp="2024-11-22T19:07:44 IST" skipped="0">
  <testcase classname="create_productTest" name="practice_createprodTest" time="13.505"/>
  <system-out>
    <![CDATA[Electronics]]>
  </system-out>
</testsuite> <!-- create_productTest -->
