<?xml version="1.0" encoding="UTF-8"?>
<!-- Generated by org.testng.reporters.JUnitReportReporter -->
<testsuite hostname="DESKTOP-OQCH81E" failures="0" tests="1" name="create_purchase_order_NFCRM" time="28.747" errors="0" timestamp="2024-11-22T18:32:33 IST" skipped="0">
  <testcase classname="create_purchase_order_NFCRM" name="createpurchase" time="28.747"/>
  <system-out/>
</testsuite> <!-- create_purchase_order_NFCRM -->
