<?xml version="1.0" encoding="UTF-8"?>
<!-- Generated by org.testng.reporters.JUnitReportReporter -->
<testsuite hostname="DESKTOP-OQCH81E" failures="0" tests="1" name="NFCRM_PACKAGE.createOrgContact_NFCRMTest" time="37.329" errors="0" timestamp="2024-11-26T08:49:01 IST" skipped="0">
  <testcase classname="NFCRM_PACKAGE.createOrgContact_NFCRMTest" name="createOrgCustomerTest" time="37.329"/>
  <system-out>
    <![CDATA[====>createOrgCustomerTest<=======START=====
Electronics
====>createOrgCustomerTest<=======END=====]]>
  </system-out>
</testsuite> <!-- NFCRM_PACKAGE.createOrgContact_NFCRMTest -->
