<?xml version="1.0" encoding="UTF-8"?>
<!-- Generated by org.testng.reporters.JUnitReportReporter -->
<testsuite hostname="DESKTOP-OQCH81E" failures="0" tests="1" name="create_sales_order_NFCRM" time="15.540" errors="0" timestamp="2024-11-22T18:33:35 IST" skipped="0">
  <testcase classname="create_sales_order_NFCRM" name="createsales" time="15.540"/>
  <system-out/>
</testsuite> <!-- create_sales_order_NFCRM -->
