<?xml version="1.0" encoding="UTF-8"?>
<!-- Generated by org.testng.reporters.JUnitReportReporter -->
<testsuite hostname="DESKTOP-OQCH81E" failures="0" tests="1" name="create_purchase_order_NFCRMTest" time="26.490" errors="0" timestamp="2024-11-24T20:25:37 IST" skipped="0">
  <testcase classname="create_purchase_order_NFCRMTest" name="createpurchase" time="26.490"/>
  <system-out>
    <![CDATA[====>createpurchase<=======START=====
====>createpurchase<=======END=====]]>
  </system-out>
</testsuite> <!-- create_purchase_order_NFCRMTest -->
