<?xml version="1.0" encoding="UTF-8"?>
<!-- Generated by org.testng.reporters.JUnitReportReporter -->
<testsuite hostname="DESKTOP-OQCH81E" failures="0" tests="1" name="practice_createprodorgPurchaseTest" time="24.859" errors="0" timestamp="2024-11-22T19:19:44 IST" skipped="0">
  <testcase classname="practice_createprodorgPurchaseTest" name="practice_createprodorgPurchaseTest" time="24.859"/>
  <system-out>
    <![CDATA[Electronics]]>
  </system-out>
</testsuite> <!-- practice_createprodorgPurchaseTest -->
